<?xml version="1.0" encoding="UTF-8" standalone="yes"?>
<ns2:test-suite start="1502079728476" stop="1502079782597" version="1.4.23" xmlns:ns2="urn:model.allure.qatools.yandex.ru">
    <name>Regression suite : Home page validation</name>
    <title>Regression suite : Home page validation</title>
    <test-cases>
        <test-case start="1502079728477" stop="1502079748364" status="passed">
            <name>homePageElements</name>
            <steps/>
            <attachments/>
            <labels>
                <label name="host" value="Susmitha-Mac-mini.local"/>
                <label name="thread" value="969@Susmitha-Mac-mini.local.main(1)"/>
            </labels>
        </test-case>
        <test-case start="1502079748688" stop="1502079756146" status="passed">
            <name>homePageVisitDraftedMomentsPage</name>
            <steps/>
            <attachments/>
            <labels>
                <label name="host" value="Susmitha-Mac-mini.local"/>
                <label name="thread" value="969@Susmitha-Mac-mini.local.main(1)"/>
            </labels>
        </test-case>
        <test-case start="1502079756467" stop="1502079773940" status="failed">
            <name>homePageVisitLiveMomentsPage</name>
            <failure>
                <message>AssertionError: Top Live 4 moments are missing expected [true] but found [false]</message>
                <stack-trace>java.lang.AssertionError: Top Live 4 moments are missing expected [true] but found [false]
	at org.testng.Assert.fail(Assert.java:94)
	at org.testng.Assert.failNotEquals(Assert.java:494)
	at org.testng.Assert.assertTrue(Assert.java:42)
	at com.lava.homepage.HomePageTest.homePageVisitLiveMomentsPage(HomePageTest.java:44)
	at sun.reflect.NativeMethodAccessorImpl.invoke0(Native Method)
	at sun.reflect.NativeMethodAccessorImpl.invoke(NativeMethodAccessorImpl.java:62)
	at sun.reflect.DelegatingMethodAccessorImpl.invoke(DelegatingMethodAccessorImpl.java:43)
	at java.lang.reflect.Method.invoke(Method.java:498)
	at org.testng.internal.MethodInvocationHelper.invokeMethod(MethodInvocationHelper.java:84)
	at org.testng.internal.MethodInvocationHelper$1.runTestMethod(MethodInvocationHelper.java:200)
	at com.lava.base.TestBase.run(TestBase.java:83)
	at sun.reflect.NativeMethodAccessorImpl.invoke0(Native Method)
	at sun.reflect.NativeMethodAccessorImpl.invoke(NativeMethodAccessorImpl.java:62)
	at sun.reflect.DelegatingMethodAccessorImpl.invoke(DelegatingMethodAccessorImpl.java:43)
	at java.lang.reflect.Method.invoke(Method.java:498)
	at org.testng.internal.MethodInvocationHelper.invokeHookable(MethodInvocationHelper.java:212)
	at org.testng.internal.Invoker.invokeMethod(Invoker.java:707)
	at org.testng.internal.Invoker.invokeTestMethod(Invoker.java:901)
	at org.testng.internal.Invoker.invokeTestMethods(Invoker.java:1231)
	at org.testng.internal.TestMethodWorker.invokeTestMethods(TestMethodWorker.java:127)
	at org.testng.internal.TestMethodWorker.run(TestMethodWorker.java:111)
	at org.testng.TestRunner.privateRun(TestRunner.java:767)
	at org.testng.TestRunner.run(TestRunner.java:617)
	at org.testng.SuiteRunner.runTest(SuiteRunner.java:334)
	at org.testng.SuiteRunner.runSequentially(SuiteRunner.java:329)
	at org.testng.SuiteRunner.privateRun(SuiteRunner.java:291)
	at org.testng.SuiteRunner.run(SuiteRunner.java:240)
	at org.testng.SuiteRunnerWorker.runSuite(SuiteRunnerWorker.java:52)
	at org.testng.SuiteRunnerWorker.run(SuiteRunnerWorker.java:86)
	at org.testng.TestNG.runSuitesSequentially(TestNG.java:1224)
	at org.testng.TestNG.runSuitesLocally(TestNG.java:1149)
	at org.testng.TestNG.run(TestNG.java:1057)
	at org.testng.IDEARemoteTestNG.run(IDEARemoteTestNG.java:72)
	at org.testng.RemoteTestNGStarter.main(RemoteTestNGStarter.java:127)
	at sun.reflect.NativeMethodAccessorImpl.invoke0(Native Method)
	at sun.reflect.NativeMethodAccessorImpl.invoke(NativeMethodAccessorImpl.java:62)
	at sun.reflect.DelegatingMethodAccessorImpl.invoke(DelegatingMethodAccessorImpl.java:43)
	at java.lang.reflect.Method.invoke(Method.java:498)
	at com.intellij.rt.execution.application.AppMain.main(AppMain.java:147)
</stack-trace>
            </failure>
            <steps/>
            <attachments/>
            <labels>
                <label name="host" value="Susmitha-Mac-mini.local"/>
                <label name="thread" value="969@Susmitha-Mac-mini.local.main(1)"/>
            </labels>
        </test-case>
        <test-case start="1502079774360" stop="1502079782169" status="passed">
            <name>homePageVisitSubmitMomentsPage</name>
            <steps/>
            <attachments/>
            <labels>
                <label name="host" value="Susmitha-Mac-mini.local"/>
                <label name="thread" value="969@Susmitha-Mac-mini.local.main(1)"/>
            </labels>
        </test-case>
    </test-cases>
    <labels>
        <label name="framework" value="TestNG"/>
        <label name="language" value="JAVA"/>
    </labels>
</ns2:test-suite>
