<?xml version="1.0" encoding="UTF-8" standalone="yes"?>
<ns2:test-suite start="1500886565291" stop="1500886603727" version="1.4.23" xmlns:ns2="urn:model.allure.qatools.yandex.ru">
    <name>Regression suite : Create Moment for Area</name>
    <title>Regression suite : Create Moment for Area</title>
    <test-cases>
        <test-case start="1500886565334" stop="1500886603727" status="broken">
            <name>createMomentsForArea[Presence,Enter/exit Area,Enter,Virtual,Everyone,Every Customer,GENERAL,Always True,Mobile in app notification,test a mobile]</name>
            <title>Create Moments for Area</title>
            <failure>
                <message>Test was interrupted</message>
            </failure>
            <labels>
                <label name="testId" value="TMS-3"/>
                <label name="host" value="Susmitha-Mac-mini.local"/>
                <label name="thread" value="1646@Susmitha-Mac-mini.local.main(1)"/>
            </labels>
        </test-case>
        <test-case start="1500886565291" stop="1500886603727" status="broken">
            <name>Regression suite : Create Moment for Area</name>
            <title>Regression suite : Create Moment for Area</title>
            <failure>
                <message>Test suite was interrupted, some test cases may be lost</message>
            </failure>
        </test-case>
    </test-cases>
    <labels>
        <label name="framework" value="TestNG"/>
        <label name="language" value="JAVA"/>
    </labels>
</ns2:test-suite>
