<?xml version="1.0" encoding="UTF-8" standalone="yes"?>
<ns2:test-suite start="1500872760946" stop="1500873022879" version="1.4.23" xmlns:ns2="urn:model.allure.qatools.yandex.ru">
    <name>Regression suite :  Rebate table</name>
    <title>Regression suite :  Rebate table</title>
    <test-cases>
        <test-case start="1500872761084" stop="1500872831919" status="passed">
            <name>ableToCreateRebateTables</name>
            <title>Verify Able to create rebate tables for moments</title>
            <steps/>
            <attachments/>
            <labels>
                <label name="testId" value="TMS-8"/>
                <label name="host" value="Susmitha-Mac-mini.local"/>
                <label name="thread" value="904@Susmitha-Mac-mini.local.main(1)"/>
            </labels>
        </test-case>
        <test-case start="1500872832036" stop="1500872848358" status="passed">
            <name>ableToEditRebateTables</name>
            <steps/>
            <attachments/>
            <labels>
                <label name="host" value="Susmitha-Mac-mini.local"/>
                <label name="thread" value="904@Susmitha-Mac-mini.local.main(1)"/>
            </labels>
        </test-case>
        <test-case start="1500872848509" stop="1500872866350" status="passed">
            <name>ableToViewRebateTables</name>
            <steps/>
            <attachments/>
            <labels>
                <label name="host" value="Susmitha-Mac-mini.local"/>
                <label name="thread" value="904@Susmitha-Mac-mini.local.main(1)"/>
            </labels>
        </test-case>
        <test-case start="1500872866483" stop="1500872881921" status="passed">
            <name>ableToCopyRebateTables</name>
            <steps/>
            <attachments/>
            <labels>
                <label name="host" value="Susmitha-Mac-mini.local"/>
                <label name="thread" value="904@Susmitha-Mac-mini.local.main(1)"/>
            </labels>
        </test-case>
        <test-case start="1500872882039" stop="1500872882268" status="passed">
            <name>rebateTableStatusiconValidation</name>
            <steps/>
            <attachments/>
            <labels>
                <label name="host" value="Susmitha-Mac-mini.local"/>
                <label name="thread" value="904@Susmitha-Mac-mini.local.main(1)"/>
            </labels>
        </test-case>
        <test-case start="1500872882403" stop="1500872882633" status="passed">
            <name>rebateTableColumnsValidation</name>
            <steps/>
            <attachments/>
            <labels>
                <label name="host" value="Susmitha-Mac-mini.local"/>
                <label name="thread" value="904@Susmitha-Mac-mini.local.main(1)"/>
            </labels>
        </test-case>
        <test-case start="1500872882748" stop="1500872882771" status="passed">
            <name>rebateTableColumnsSortBtnValidation</name>
            <steps/>
            <attachments/>
            <labels>
                <label name="host" value="Susmitha-Mac-mini.local"/>
                <label name="thread" value="904@Susmitha-Mac-mini.local.main(1)"/>
            </labels>
        </test-case>
        <test-case start="1500872882898" stop="1500872882939" status="passed">
            <name>rebateTableUserNameToggleValidation</name>
            <steps/>
            <attachments/>
            <labels>
                <label name="host" value="Susmitha-Mac-mini.local"/>
                <label name="thread" value="904@Susmitha-Mac-mini.local.main(1)"/>
            </labels>
        </test-case>
        <test-case start="1500872883056" stop="1500872992948" status="passed">
            <name>rebateTableStatusCheck</name>
            <steps/>
            <attachments/>
            <labels>
                <label name="host" value="Susmitha-Mac-mini.local"/>
                <label name="thread" value="904@Susmitha-Mac-mini.local.main(1)"/>
            </labels>
        </test-case>
        <test-case start="1500872993098" stop="1500873022726" status="broken">
            <name>ableToDeleteRebateTables</name>
            <failure>
                <message>WebDriverException: unknown error: Element is not clickable at point (570, 229). Other element would receive the click: &lt;div role="tooltip" id="ui-id-3" class="ui-tooltip ui-corner-all ui-widget-shadow ui-widget ui-widget-content top-arrow" data-bootstrap-modal-aria-hidden-count="1" aria-hidden="true" style="top: 267.5px; left: 572.5px; display: block; opacity: 0.0549502;"&gt;...&lt;/div&gt;
  (Session info: chrome=59.0.3071.115)
  (Driver info: chromedriver=2.25.426935 (820a95b0b81d33e42712f9198c215f703412e1a1),platform=Mac OS X 10.12.5 x86_64) (WARNING: The server did not provide any stacktrace information)
Command duration or timeout: 44 milliseconds
Build info: version: '2.53.1', revision: 'a36b8b1', time: '2016-06-30 17:37:03'
System info: host: 'Susmitha-Mac-mini.local', ip: '192.168.1.14', os.name: 'Mac OS X', os.arch: 'x86_64', os.version: '10.12.5', java.version: '1.8.0_121'
Driver info: org.openqa.selenium.chrome.ChromeDriver
Capabilities [{applicationCacheEnabled=false, rotatable=false, mobileEmulationEnabled=false, networkConnectionEnabled=false, chrome={chromedriverVersion=2.25.426935 (820a95b0b81d33e42712f9198c215f703412e1a1), userDataDir=/var/folders/ss/vcgqw4d925v61gk21v914lqh00007x/T/.org.chromium.Chromium.YdxR16}, takesHeapSnapshot=true, pageLoadStrategy=normal, databaseEnabled=false, handlesAlerts=true, hasTouchScreen=false, version=59.0.3071.115, platform=MAC, browserConnectionEnabled=false, nativeEvents=true, acceptSslCerts=true, locationContextEnabled=true, webStorageEnabled=true, browserName=chrome, takesScreenshot=true, javascriptEnabled=true, cssSelectorsEnabled=true}]
Session ID: 53752c2c63fdac97a41f1ccacc18f519
Command duration or timeout: 727 milliseconds
Build info: version: '2.53.1', revision: 'a36b8b1cd5757287168e54b817830adce9b0158d', time: '2016-06-30 19:26:09'
System info: host: 'Susmitha-Mac-mini.local', ip: '192.168.1.14', os.name: 'Mac OS X', os.arch: 'x86_64', os.version: '10.12.5', java.version: '1.8.0_121'
Driver info: org.openqa.selenium.remote.RemoteWebDriver
Capabilities [{applicationCacheEnabled=false, rotatable=false, mobileEmulationEnabled=false, networkConnectionEnabled=false, chrome={chromedriverVersion=2.25.426935 (820a95b0b81d33e42712f9198c215f703412e1a1), userDataDir=/var/folders/ss/vcgqw4d925v61gk21v914lqh00007x/T/.org.chromium.Chromium.YdxR16}, takesHeapSnapshot=true, pageLoadStrategy=normal, databaseEnabled=false, handlesAlerts=true, hasTouchScreen=false, version=59.0.3071.115, platform=MAC, browserConnectionEnabled=false, nativeEvents=true, acceptSslCerts=true, webdriver.remote.sessionid=6a9f124a-932b-456c-9678-78b66eb196f3, locationContextEnabled=true, webStorageEnabled=true, browserName=chrome, takesScreenshot=true, javascriptEnabled=true, cssSelectorsEnabled=true}]
Session ID: 6a9f124a-932b-456c-9678-78b66eb196f3</message>
                <stack-trace>org.openqa.selenium.WebDriverException: unknown error: Element is not clickable at point (570, 229). Other element would receive the click: &lt;div role="tooltip" id="ui-id-3" class="ui-tooltip ui-corner-all ui-widget-shadow ui-widget ui-widget-content top-arrow" data-bootstrap-modal-aria-hidden-count="1" aria-hidden="true" style="top: 267.5px; left: 572.5px; display: block; opacity: 0.0549502;"&gt;...&lt;/div&gt;
  (Session info: chrome=59.0.3071.115)
  (Driver info: chromedriver=2.25.426935 (820a95b0b81d33e42712f9198c215f703412e1a1),platform=Mac OS X 10.12.5 x86_64) (WARNING: The server did not provide any stacktrace information)
Command duration or timeout: 44 milliseconds
Build info: version: '2.53.1', revision: 'a36b8b1', time: '2016-06-30 17:37:03'
System info: host: 'Susmitha-Mac-mini.local', ip: '192.168.1.14', os.name: 'Mac OS X', os.arch: 'x86_64', os.version: '10.12.5', java.version: '1.8.0_121'
Driver info: org.openqa.selenium.chrome.ChromeDriver
Capabilities [{applicationCacheEnabled=false, rotatable=false, mobileEmulationEnabled=false, networkConnectionEnabled=false, chrome={chromedriverVersion=2.25.426935 (820a95b0b81d33e42712f9198c215f703412e1a1), userDataDir=/var/folders/ss/vcgqw4d925v61gk21v914lqh00007x/T/.org.chromium.Chromium.YdxR16}, takesHeapSnapshot=true, pageLoadStrategy=normal, databaseEnabled=false, handlesAlerts=true, hasTouchScreen=false, version=59.0.3071.115, platform=MAC, browserConnectionEnabled=false, nativeEvents=true, acceptSslCerts=true, locationContextEnabled=true, webStorageEnabled=true, browserName=chrome, takesScreenshot=true, javascriptEnabled=true, cssSelectorsEnabled=true}]
Session ID: 53752c2c63fdac97a41f1ccacc18f519
Command duration or timeout: 727 milliseconds
Build info: version: '2.53.1', revision: 'a36b8b1cd5757287168e54b817830adce9b0158d', time: '2016-06-30 19:26:09'
System info: host: 'Susmitha-Mac-mini.local', ip: '192.168.1.14', os.name: 'Mac OS X', os.arch: 'x86_64', os.version: '10.12.5', java.version: '1.8.0_121'
Driver info: org.openqa.selenium.remote.RemoteWebDriver
Capabilities [{applicationCacheEnabled=false, rotatable=false, mobileEmulationEnabled=false, networkConnectionEnabled=false, chrome={chromedriverVersion=2.25.426935 (820a95b0b81d33e42712f9198c215f703412e1a1), userDataDir=/var/folders/ss/vcgqw4d925v61gk21v914lqh00007x/T/.org.chromium.Chromium.YdxR16}, takesHeapSnapshot=true, pageLoadStrategy=normal, databaseEnabled=false, handlesAlerts=true, hasTouchScreen=false, version=59.0.3071.115, platform=MAC, browserConnectionEnabled=false, nativeEvents=true, acceptSslCerts=true, webdriver.remote.sessionid=6a9f124a-932b-456c-9678-78b66eb196f3, locationContextEnabled=true, webStorageEnabled=true, browserName=chrome, takesScreenshot=true, javascriptEnabled=true, cssSelectorsEnabled=true}]
Session ID: 6a9f124a-932b-456c-9678-78b66eb196f3
	at sun.reflect.NativeConstructorAccessorImpl.newInstance0(Native Method)
	at sun.reflect.NativeConstructorAccessorImpl.newInstance(NativeConstructorAccessorImpl.java:62)
	at sun.reflect.DelegatingConstructorAccessorImpl.newInstance(DelegatingConstructorAccessorImpl.java:45)
	at java.lang.reflect.Constructor.newInstance(Constructor.java:423)
	at org.openqa.selenium.remote.ErrorHandler.createThrowable(ErrorHandler.java:206)
	at org.openqa.selenium.remote.ErrorHandler.throwIfResponseFailed(ErrorHandler.java:158)
	at org.openqa.selenium.remote.RemoteWebDriver.execute(RemoteWebDriver.java:678)
	at org.openqa.selenium.remote.RemoteWebElement.execute(RemoteWebElement.java:327)
	at org.openqa.selenium.remote.RemoteWebElement.click(RemoteWebElement.java:85)
	at sun.reflect.GeneratedMethodAccessor31.invoke(Unknown Source)
	at sun.reflect.DelegatingMethodAccessorImpl.invoke(DelegatingMethodAccessorImpl.java:43)
	at java.lang.reflect.Method.invoke(Method.java:498)
	at org.openqa.selenium.support.pagefactory.internal.LocatingElementHandler.invoke(LocatingElementHandler.java:51)
	at com.sun.proxy.$Proxy12.click(Unknown Source)
	at com.lava.rebatetable.DeleteRebateTablePage.clickDeleteButton(DeleteRebateTablePage.java:55)
	at com.lava.rebatetable.DeleteRebateTablePage.deleteRebate(DeleteRebateTablePage.java:33)
	at com.lava.rebatetable.RebateTableTest.ableToDeleteRebateTables(RebateTableTest.java:79)
	at sun.reflect.NativeMethodAccessorImpl.invoke0(Native Method)
	at sun.reflect.NativeMethodAccessorImpl.invoke(NativeMethodAccessorImpl.java:62)
	at sun.reflect.DelegatingMethodAccessorImpl.invoke(DelegatingMethodAccessorImpl.java:43)
	at java.lang.reflect.Method.invoke(Method.java:498)
	at org.testng.internal.MethodInvocationHelper.invokeMethod(MethodInvocationHelper.java:84)
	at org.testng.internal.MethodInvocationHelper$1.runTestMethod(MethodInvocationHelper.java:200)
	at com.lava.base.TestBase.run(TestBase.java:71)
	at sun.reflect.GeneratedMethodAccessor35.invoke(Unknown Source)
	at sun.reflect.DelegatingMethodAccessorImpl.invoke(DelegatingMethodAccessorImpl.java:43)
	at java.lang.reflect.Method.invoke(Method.java:498)
	at org.testng.internal.MethodInvocationHelper.invokeHookable(MethodInvocationHelper.java:212)
	at org.testng.internal.Invoker.invokeMethod(Invoker.java:707)
	at org.testng.internal.Invoker.invokeTestMethod(Invoker.java:901)
	at org.testng.internal.Invoker.invokeTestMethods(Invoker.java:1231)
	at org.testng.internal.TestMethodWorker.invokeTestMethods(TestMethodWorker.java:127)
	at org.testng.internal.TestMethodWorker.run(TestMethodWorker.java:111)
	at org.testng.TestRunner.privateRun(TestRunner.java:767)
	at org.testng.TestRunner.run(TestRunner.java:617)
	at org.testng.SuiteRunner.runTest(SuiteRunner.java:334)
	at org.testng.SuiteRunner.runSequentially(SuiteRunner.java:329)
	at org.testng.SuiteRunner.privateRun(SuiteRunner.java:291)
	at org.testng.SuiteRunner.run(SuiteRunner.java:240)
	at org.testng.SuiteRunnerWorker.runSuite(SuiteRunnerWorker.java:52)
	at org.testng.SuiteRunnerWorker.run(SuiteRunnerWorker.java:86)
	at org.testng.TestNG.runSuitesSequentially(TestNG.java:1224)
	at org.testng.TestNG.runSuitesLocally(TestNG.java:1149)
	at org.testng.TestNG.run(TestNG.java:1057)
	at org.testng.IDEARemoteTestNG.run(IDEARemoteTestNG.java:72)
	at org.testng.RemoteTestNGStarter.main(RemoteTestNGStarter.java:127)
	at sun.reflect.NativeMethodAccessorImpl.invoke0(Native Method)
	at sun.reflect.NativeMethodAccessorImpl.invoke(NativeMethodAccessorImpl.java:62)
	at sun.reflect.DelegatingMethodAccessorImpl.invoke(DelegatingMethodAccessorImpl.java:43)
	at java.lang.reflect.Method.invoke(Method.java:498)
	at com.intellij.rt.execution.application.AppMain.main(AppMain.java:147)
Caused by: org.openqa.selenium.remote.ScreenshotException: Screen shot has been taken
Build info: version: '2.53.1', revision: 'a36b8b1cd5757287168e54b817830adce9b0158d', time: '2016-06-30 19:26:09'
System info: host: 'Susmitha-Mac-mini.local', ip: '192.168.1.14', os.name: 'Mac OS X', os.arch: 'x86_64', os.version: '10.12.5', java.version: '1.8.0_121'
Driver info: driver.version: RemoteWebDriver
	at org.openqa.selenium.remote.ErrorHandler.throwIfResponseFailed(ErrorHandler.java:138)
	... 45 more
Caused by: org.openqa.selenium.WebDriverException: unknown error: Element is not clickable at point (570, 229). Other element would receive the click: &lt;div role="tooltip" id="ui-id-3" class="ui-tooltip ui-corner-all ui-widget-shadow ui-widget ui-widget-content top-arrow" data-bootstrap-modal-aria-hidden-count="1" aria-hidden="true" style="top: 267.5px; left: 572.5px; display: block; opacity: 0.0549502;"&gt;...&lt;/div&gt;
  (Session info: chrome=59.0.3071.115)
  (Driver info: chromedriver=2.25.426935 (820a95b0b81d33e42712f9198c215f703412e1a1),platform=Mac OS X 10.12.5 x86_64) (WARNING: The server did not provide any stacktrace information)
Command duration or timeout: 44 milliseconds
Build info: version: '2.53.1', revision: 'a36b8b1', time: '2016-06-30 17:37:03'
System info: host: 'Susmitha-Mac-mini.local', ip: '192.168.1.14', os.name: 'Mac OS X', os.arch: 'x86_64', os.version: '10.12.5', java.version: '1.8.0_121'
Driver info: org.openqa.selenium.chrome.ChromeDriver
Capabilities [{applicationCacheEnabled=false, rotatable=false, mobileEmulationEnabled=false, networkConnectionEnabled=false, chrome={chromedriverVersion=2.25.426935 (820a95b0b81d33e42712f9198c215f703412e1a1), userDataDir=/var/folders/ss/vcgqw4d925v61gk21v914lqh00007x/T/.org.chromium.Chromium.YdxR16}, takesHeapSnapshot=true, pageLoadStrategy=normal, databaseEnabled=false, handlesAlerts=true, hasTouchScreen=false, version=59.0.3071.115, platform=MAC, browserConnectionEnabled=false, nativeEvents=true, acceptSslCerts=true, locationContextEnabled=true, webStorageEnabled=true, browserName=chrome, takesScreenshot=true, javascriptEnabled=true, cssSelectorsEnabled=true}]
Session ID: 53752c2c63fdac97a41f1ccacc18f519
Build info: version: '2.53.1', revision: 'a36b8b1cd5757287168e54b817830adce9b0158d', time: '2016-06-30 19:26:09'
System info: host: 'Susmitha-Mac-mini.local', ip: '192.168.1.14', os.name: 'Mac OS X', os.arch: 'x86_64', os.version: '10.12.5', java.version: '1.8.0_121'
Driver info: driver.version: RemoteWebDriver
	at sun.reflect.NativeConstructorAccessorImpl.newInstance0(Native Method)
	at sun.reflect.NativeConstructorAccessorImpl.newInstance(NativeConstructorAccessorImpl.java:62)
	at sun.reflect.DelegatingConstructorAccessorImpl.newInstance(DelegatingConstructorAccessorImpl.java:45)
	at java.lang.reflect.Constructor.newInstance(Constructor.java:423)
	at org.openqa.selenium.remote.ErrorHandler.createThrowable(ErrorHandler.java:206)
	at org.openqa.selenium.remote.ErrorHandler.throwIfResponseFailed(ErrorHandler.java:158)
	at org.openqa.selenium.remote.RemoteWebDriver.execute(RemoteWebDriver.java:678)
	at org.openqa.selenium.remote.RemoteWebElement.execute(RemoteWebElement.java:327)
	at org.openqa.selenium.remote.RemoteWebElement.click(RemoteWebElement.java:85)
	at sun.reflect.GeneratedMethodAccessor20.invoke(Unknown Source)
	at sun.reflect.DelegatingMethodAccessorImpl.invoke(DelegatingMethodAccessorImpl.java:43)
	at java.lang.reflect.Method.invoke(Method.java:498)
	at org.openqa.selenium.support.events.EventFiringWebDriver$EventFiringWebElement$1.invoke(EventFiringWebDriver.java:335)
	at com.sun.proxy.$Proxy2.click(Unknown Source)
	at org.openqa.selenium.support.events.EventFiringWebDriver$EventFiringWebElement.click(EventFiringWebDriver.java:348)
	at sun.reflect.GeneratedMethodAccessor20.invoke(Unknown Source)
	at sun.reflect.DelegatingMethodAccessorImpl.invoke(DelegatingMethodAccessorImpl.java:43)
	at java.lang.reflect.Method.invoke(Method.java:498)
	at org.openqa.selenium.remote.server.KnownElements$1.invoke(KnownElements.java:64)
	at com.sun.proxy.$Proxy3.click(Unknown Source)
	at org.openqa.selenium.remote.server.handler.ClickElement.call(ClickElement.java:30)
	at org.openqa.selenium.remote.server.handler.ClickElement.call(ClickElement.java:1)
	at java.util.concurrent.FutureTask.run(FutureTask.java:266)
	at org.openqa.selenium.remote.server.DefaultSession$1.run(DefaultSession.java:176)
	at java.util.concurrent.ThreadPoolExecutor.runWorker(ThreadPoolExecutor.java:1142)
	at java.util.concurrent.ThreadPoolExecutor$Worker.run(ThreadPoolExecutor.java:617)
	at java.lang.Thread.run(Thread.java:745)
</stack-trace>
            </failure>
            <steps/>
            <attachments/>
            <labels>
                <label name="host" value="Susmitha-Mac-mini.local"/>
                <label name="thread" value="904@Susmitha-Mac-mini.local.main(1)"/>
            </labels>
        </test-case>
    </test-cases>
    <labels>
        <label name="framework" value="TestNG"/>
        <label name="language" value="JAVA"/>
    </labels>
</ns2:test-suite>
