<?xml version="1.0" encoding="UTF-8" standalone="yes"?>
<ns2:test-suite start="1503470653355" stop="1503470685252" version="1.4.23" xmlns:ns2="urn:model.allure.qatools.yandex.ru">
    <name>Regression suite : Home page validation</name>
    <title>Regression suite : Home page validation</title>
    <test-cases>
        <test-case start="1503470653356" stop="1503470672942" status="passed">
            <name>homePageElements</name>
            <steps/>
            <attachments/>
            <labels>
                <label name="host" value="Susmitha-Mac-mini.local"/>
                <label name="thread" value="4285@Susmitha-Mac-mini.local.main(1)"/>
            </labels>
        </test-case>
        <test-case start="1503470673286" stop="1503470680691" status="passed">
            <name>homePageVisitDraftedMomentsPage</name>
            <steps/>
            <attachments/>
            <labels>
                <label name="host" value="Susmitha-Mac-mini.local"/>
                <label name="thread" value="4285@Susmitha-Mac-mini.local.main(1)"/>
            </labels>
        </test-case>
        <test-case start="1503470681005" stop="1503470685252" status="broken">
            <name>homePageVisitLiveMomentsPage</name>
            <failure>
                <message>Test was interrupted</message>
            </failure>
            <labels>
                <label name="host" value="Susmitha-Mac-mini.local"/>
                <label name="thread" value="4285@Susmitha-Mac-mini.local.main(1)"/>
            </labels>
        </test-case>
        <test-case start="1503470653355" stop="1503470685252" status="broken">
            <name>Regression suite : Home page validation</name>
            <title>Regression suite : Home page validation</title>
            <failure>
                <message>Test suite was interrupted, some test cases may be lost</message>
            </failure>
        </test-case>
    </test-cases>
    <labels>
        <label name="framework" value="TestNG"/>
        <label name="language" value="JAVA"/>
    </labels>
</ns2:test-suite>
