<?xml version="1.0" encoding="UTF-8" standalone="yes"?>
<ns2:test-suite start="1500989439049" stop="1500989807777" version="1.4.23" xmlns:ns2="urn:model.allure.qatools.yandex.ru">
    <name>Regression suite : Geolocation Builder test</name>
    <title>Regression suite : Geolocation Builder test</title>
    <test-cases>
        <test-case start="1500989439051" stop="1500989527461" status="passed">
            <name>ableToCreateGeolocations</name>
            <title>Verify Able to create Geolocations for moments</title>
            <steps/>
            <attachments/>
            <labels>
                <label name="testId" value="TMS-7"/>
                <label name="host" value="Susmitha-Mac-mini.local"/>
                <label name="thread" value="4339@Susmitha-Mac-mini.local.main(1)"/>
            </labels>
        </test-case>
        <test-case start="1500989527610" stop="1500989618250" status="broken">
            <name>ableToDeleteGeolocations</name>
            <failure>
                <message>TimeoutException: Timed out after 60 seconds waiting for visibility of [[RemoteWebDriver: chrome on MAC (94af707c-e6be-4d5b-a7ed-4b2af9b8b8a3)] -&gt; xpath: //button[contains(.,'Yes')]]
Build info: version: '2.53.1', revision: 'a36b8b1cd5757287168e54b817830adce9b0158d', time: '2016-06-30 19:26:09'
System info: host: 'Susmitha-Mac-mini.local', ip: '192.168.1.14', os.name: 'Mac OS X', os.arch: 'x86_64', os.version: '10.12.5', java.version: '1.8.0_121'
Driver info: org.openqa.selenium.remote.RemoteWebDriver
Capabilities [{applicationCacheEnabled=false, rotatable=false, mobileEmulationEnabled=false, networkConnectionEnabled=false, chrome={chromedriverVersion=2.25.426935 (820a95b0b81d33e42712f9198c215f703412e1a1), userDataDir=/var/folders/ss/vcgqw4d925v61gk21v914lqh00007x/T/.org.chromium.Chromium.dSPt7f}, takesHeapSnapshot=true, pageLoadStrategy=normal, databaseEnabled=false, handlesAlerts=true, hasTouchScreen=false, version=59.0.3071.115, platform=MAC, browserConnectionEnabled=false, nativeEvents=true, acceptSslCerts=true, webdriver.remote.sessionid=94af707c-e6be-4d5b-a7ed-4b2af9b8b8a3, locationContextEnabled=true, webStorageEnabled=true, browserName=chrome, takesScreenshot=true, javascriptEnabled=true, cssSelectorsEnabled=true}]
Session ID: 94af707c-e6be-4d5b-a7ed-4b2af9b8b8a3</message>
                <stack-trace>org.openqa.selenium.TimeoutException: Timed out after 60 seconds waiting for visibility of [[RemoteWebDriver: chrome on MAC (94af707c-e6be-4d5b-a7ed-4b2af9b8b8a3)] -&gt; xpath: //button[contains(.,'Yes')]]
Build info: version: '2.53.1', revision: 'a36b8b1cd5757287168e54b817830adce9b0158d', time: '2016-06-30 19:26:09'
System info: host: 'Susmitha-Mac-mini.local', ip: '192.168.1.14', os.name: 'Mac OS X', os.arch: 'x86_64', os.version: '10.12.5', java.version: '1.8.0_121'
Driver info: org.openqa.selenium.remote.RemoteWebDriver
Capabilities [{applicationCacheEnabled=false, rotatable=false, mobileEmulationEnabled=false, networkConnectionEnabled=false, chrome={chromedriverVersion=2.25.426935 (820a95b0b81d33e42712f9198c215f703412e1a1), userDataDir=/var/folders/ss/vcgqw4d925v61gk21v914lqh00007x/T/.org.chromium.Chromium.dSPt7f}, takesHeapSnapshot=true, pageLoadStrategy=normal, databaseEnabled=false, handlesAlerts=true, hasTouchScreen=false, version=59.0.3071.115, platform=MAC, browserConnectionEnabled=false, nativeEvents=true, acceptSslCerts=true, webdriver.remote.sessionid=94af707c-e6be-4d5b-a7ed-4b2af9b8b8a3, locationContextEnabled=true, webStorageEnabled=true, browserName=chrome, takesScreenshot=true, javascriptEnabled=true, cssSelectorsEnabled=true}]
Session ID: 94af707c-e6be-4d5b-a7ed-4b2af9b8b8a3
	at org.openqa.selenium.support.ui.WebDriverWait.timeoutException(WebDriverWait.java:80)
	at org.openqa.selenium.support.ui.FluentWait.until(FluentWait.java:261)
	at com.lava.utils.Base.waitUntilElementIsVisible(Base.java:50)
	at com.lava.geolocation.DeleteGeolocationPage.waitUntilDeleteModal(DeleteGeolocationPage.java:19)
	at com.lava.geolocation.DeleteGeolocationPage.delete(DeleteGeolocationPage.java:61)
	at com.lava.geolocation.DeleteGeolocationPage.DeleteGeolocation(DeleteGeolocationPage.java:29)
	at com.lava.geolocationpage.GeoLocationTest.ableToDeleteGeolocations(GeoLocationTest.java:32)
	at sun.reflect.NativeMethodAccessorImpl.invoke0(Native Method)
	at sun.reflect.NativeMethodAccessorImpl.invoke(NativeMethodAccessorImpl.java:62)
	at sun.reflect.DelegatingMethodAccessorImpl.invoke(DelegatingMethodAccessorImpl.java:43)
	at java.lang.reflect.Method.invoke(Method.java:498)
	at org.testng.internal.MethodInvocationHelper.invokeMethod(MethodInvocationHelper.java:84)
	at org.testng.internal.MethodInvocationHelper$1.runTestMethod(MethodInvocationHelper.java:200)
	at com.lava.base.TestBase.run(TestBase.java:74)
	at sun.reflect.GeneratedMethodAccessor35.invoke(Unknown Source)
	at sun.reflect.DelegatingMethodAccessorImpl.invoke(DelegatingMethodAccessorImpl.java:43)
	at java.lang.reflect.Method.invoke(Method.java:498)
	at org.testng.internal.MethodInvocationHelper.invokeHookable(MethodInvocationHelper.java:212)
	at org.testng.internal.Invoker.invokeMethod(Invoker.java:707)
	at org.testng.internal.Invoker.invokeTestMethod(Invoker.java:901)
	at org.testng.internal.Invoker.invokeTestMethods(Invoker.java:1231)
	at org.testng.internal.TestMethodWorker.invokeTestMethods(TestMethodWorker.java:127)
	at org.testng.internal.TestMethodWorker.run(TestMethodWorker.java:111)
	at org.testng.TestRunner.privateRun(TestRunner.java:767)
	at org.testng.TestRunner.run(TestRunner.java:617)
	at org.testng.SuiteRunner.runTest(SuiteRunner.java:334)
	at org.testng.SuiteRunner.runSequentially(SuiteRunner.java:329)
	at org.testng.SuiteRunner.privateRun(SuiteRunner.java:291)
	at org.testng.SuiteRunner.run(SuiteRunner.java:240)
	at org.testng.SuiteRunnerWorker.runSuite(SuiteRunnerWorker.java:52)
	at org.testng.SuiteRunnerWorker.run(SuiteRunnerWorker.java:86)
	at org.testng.TestNG.runSuitesSequentially(TestNG.java:1224)
	at org.testng.TestNG.runSuitesLocally(TestNG.java:1149)
	at org.testng.TestNG.run(TestNG.java:1057)
	at org.testng.IDEARemoteTestNG.run(IDEARemoteTestNG.java:72)
	at org.testng.RemoteTestNGStarter.main(RemoteTestNGStarter.java:127)
	at sun.reflect.NativeMethodAccessorImpl.invoke0(Native Method)
	at sun.reflect.NativeMethodAccessorImpl.invoke(NativeMethodAccessorImpl.java:62)
	at sun.reflect.DelegatingMethodAccessorImpl.invoke(DelegatingMethodAccessorImpl.java:43)
	at java.lang.reflect.Method.invoke(Method.java:498)
	at com.intellij.rt.execution.application.AppMain.main(AppMain.java:147)
</stack-trace>
            </failure>
            <steps/>
            <attachments/>
            <labels>
                <label name="host" value="Susmitha-Mac-mini.local"/>
                <label name="thread" value="4339@Susmitha-Mac-mini.local.main(1)"/>
            </labels>
        </test-case>
        <test-case start="1500989618388" stop="1500989805772" status="passed">
            <name>ableTogetTooltipOfGeolocations</name>
            <steps/>
            <attachments/>
            <labels>
                <label name="host" value="Susmitha-Mac-mini.local"/>
                <label name="thread" value="4339@Susmitha-Mac-mini.local.main(1)"/>
            </labels>
        </test-case>
        <test-case start="1500989806212" stop="1500989806345" status="passed">
            <name>geolocationPageValidation</name>
            <steps/>
            <attachments/>
            <labels>
                <label name="host" value="Susmitha-Mac-mini.local"/>
                <label name="thread" value="4339@Susmitha-Mac-mini.local.main(1)"/>
            </labels>
        </test-case>
        <test-case start="1500989806506" stop="1500989806554" status="passed">
            <name>geolocationPageAddBtnValidation</name>
            <steps/>
            <attachments/>
            <labels>
                <label name="host" value="Susmitha-Mac-mini.local"/>
                <label name="thread" value="4339@Susmitha-Mac-mini.local.main(1)"/>
            </labels>
        </test-case>
        <test-case start="1500989806695" stop="1500989806738" status="passed">
            <name>geolocationPageSyncBtnValidation</name>
            <steps/>
            <attachments/>
            <labels>
                <label name="host" value="Susmitha-Mac-mini.local"/>
                <label name="thread" value="4339@Susmitha-Mac-mini.local.main(1)"/>
            </labels>
        </test-case>
        <test-case start="1500989806907" stop="1500989807020" status="passed">
            <name>geolocationPageStatusValidation</name>
            <steps/>
            <attachments/>
            <labels>
                <label name="host" value="Susmitha-Mac-mini.local"/>
                <label name="thread" value="4339@Susmitha-Mac-mini.local.main(1)"/>
            </labels>
        </test-case>
        <test-case start="1500989807170" stop="1500989807291" status="passed">
            <name>geolocationPageColumnNameValidation</name>
            <steps/>
            <attachments/>
            <labels>
                <label name="host" value="Susmitha-Mac-mini.local"/>
                <label name="thread" value="4339@Susmitha-Mac-mini.local.main(1)"/>
            </labels>
        </test-case>
        <test-case start="1500989807427" stop="1500989807448" status="passed">
            <name>geolocationPageSortBtnValidation</name>
            <steps/>
            <attachments/>
            <labels>
                <label name="host" value="Susmitha-Mac-mini.local"/>
                <label name="thread" value="4339@Susmitha-Mac-mini.local.main(1)"/>
            </labels>
        </test-case>
        <test-case start="1500989807598" stop="1500989807638" status="passed">
            <name>geolocationPageUserToggleValidation</name>
            <steps/>
            <attachments/>
            <labels>
                <label name="host" value="Susmitha-Mac-mini.local"/>
                <label name="thread" value="4339@Susmitha-Mac-mini.local.main(1)"/>
            </labels>
        </test-case>
    </test-cases>
    <labels>
        <label name="framework" value="TestNG"/>
        <label name="language" value="JAVA"/>
    </labels>
</ns2:test-suite>
